<?xml version="1.0" encoding="UTF-8"?>
<testng-results ignored="0" total="1" passed="1" failed="0" skipped="0">
  <reporter-output>
  </reporter-output>
  <suite started-at="2023-11-29T19:03:06 IST" name="Default suite" finished-at="2023-11-29T19:03:13 IST" duration-ms="7199">
    <groups>
    </groups>
    <test started-at="2023-11-29T19:03:06 IST" name="Default test" finished-at="2023-11-29T19:03:13 IST" duration-ms="7199">
      <class name="TestCases.submiteOrder">
        <test-method is-config="true" signature="setupmethod()[pri:0, instance:TestCases.submiteOrder@7161d8d1]" started-at="2023-11-29T19:03:06 IST" name="setupmethod" finished-at="2023-11-29T19:03:09 IST" duration-ms="3475" status="PASS">
          <reporter-output>
          </reporter-output>
        </test-method> <!-- setupmethod -->
        <test-method signature="endtoend()[pri:0, instance:TestCases.submiteOrder@7161d8d1]" started-at="2023-11-29T19:03:09 IST" name="endtoend" finished-at="2023-11-29T19:03:13 IST" duration-ms="3662" status="PASS">
          <reporter-output>
          </reporter-output>
        </test-method> <!-- endtoend -->
      </class> <!-- TestCases.submiteOrder -->
    </test> <!-- Default test -->
  </suite> <!-- Default suite -->
</testng-results>
